Build started 2014/12/6 11:38:53.
     1>Project "C:\Users\dc\Desktop\EthernetPacketGene\crc\project\crc\crc\crc.vcxproj" on node 2 (build target(s)).
     1>InitializeBuildStatus:
         Touching "Debug\crc.unsuccessfulbuild".
       ClCompile:
         c:\Program Files (x86)\Microsoft Visual Studio 10.0\VC\bin\CL.exe /c /ZI /nologo /W3 /WX- /Od /Oy- /D WIN32 /D _DEBUG /D _CONSOLE /D _UNICODE /D UNICODE /Gm /EHsc /RTC1 /MDd /GS /fp:precise /Zc:wchar_t /Zc:forScope /Fo"Debug\\" /Fd"Debug\vc100.pdb" /Gd /TP /analyze- /errorReport:prompt crc.cpp
         crc.cpp
     1>c:\users\dc\desktop\ethernetpacketgene\crc\project\crc\crc\crc.cpp(26): warning C4334: '<<' : result of 32-bit shift implicitly converted to 64 bits (was 64-bit shift intended?)
     1>c:\users\dc\desktop\ethernetpacketgene\crc\project\crc\crc\crc.cpp(60): warning C4244: 'return' : conversion from 'unsigned __int64' to 'unsigned int', possible loss of data
     1>c:\users\dc\desktop\ethernetpacketgene\crc\project\crc\crc\crc.cpp(99): warning C4244: '=' : conversion from 'unsigned __int64' to 'unsigned int', possible loss of data
     1>c:\users\dc\desktop\ethernetpacketgene\crc\project\crc\crc\crc.cpp(113): warning C4244: '=' : conversion from 'unsigned __int64' to 'unsigned int', possible loss of data
       Link:
         c:\Program Files (x86)\Microsoft Visual Studio 10.0\VC\bin\link.exe /ERRORREPORT:PROMPT /OUT:"C:\Users\dc\Desktop\EthernetPacketGene\crc\project\crc\Debug\crc.exe" /INCREMENTAL:NO /NOLOGO kernel32.lib user32.lib gdi32.lib winspool.lib comdlg32.lib advapi32.lib shell32.lib ole32.lib oleaut32.lib uuid.lib odbc32.lib odbccp32.lib /MANIFEST /ManifestFile:"Debug\crc.exe.intermediate.manifest" /MANIFESTUAC:"level='asInvoker' uiAccess='false'" /DEBUG /PDB:"C:\Users\dc\Desktop\EthernetPacketGene\crc\project\crc\Debug\crc.pdb" /SUBSYSTEM:CONSOLE /TLBID:1 /DYNAMICBASE /NXCOMPAT /IMPLIB:"C:\Users\dc\Desktop\EthernetPacketGene\crc\project\crc\Debug\crc.lib" /MACHINE:X86 Debug\crc.obj
     1>crc.obj : warning LNK4075: ignoring '/EDITANDCONTINUE' due to '/INCREMENTAL:NO' specification
         crc.vcxproj -> C:\Users\dc\Desktop\EthernetPacketGene\crc\project\crc\Debug\crc.exe
       Manifest:
         C:\Program Files (x86)\Microsoft SDKs\Windows\v7.0A\bin\mt.exe /nologo /verbose /outputresource:"C:\Users\dc\Desktop\EthernetPacketGene\crc\project\crc\Debug\crc.exe;#1" /manifest Debug\crc.exe.intermediate.manifest
       FinalizeBuildStatus:
         Deleting file "Debug\crc.unsuccessfulbuild".
         Touching "Debug\crc.lastbuildstate".
     1>Done Building Project "C:\Users\dc\Desktop\EthernetPacketGene\crc\project\crc\crc\crc.vcxproj" (build target(s)).

Build succeeded.

Time Elapsed 00:00:03.42
